This file contains any messages produced by compilers while
running configure, to aid debugging if configure makes a mistake.

configure:572: checking for a BSD compatible install
configure:625: checking whether build environment is sane
configure:682: checking whether make sets ${MAKE}
configure:728: checking for working aclocal
configure:741: checking for working autoconf
configure:754: checking for working automake
configure:767: checking for working autoheader
configure:780: checking for working makeinfo
configure:828: checking for working aclocal
configure:841: checking for working autoconf
configure:854: checking for working automake
configure:867: checking for working autoheader
configure:880: checking for working makeinfo
configure:975: checking host system type
configure:996: checking build system type
configure:1016: checking for ranlib
configure:1046: checking for gcc
configure:1159: checking whether the C compiler (gcc  ) works
configure:1175: gcc -o conftest    conftest.c  1>&5
configure:1201: checking whether the C compiler (gcc  ) is a cross-compiler
configure:1206: checking whether we are using GNU C
configure:1215: gcc -E conftest.c
configure:1234: checking whether gcc accepts -g
configure:1277: checking for ld used by GCC
configure:1340: checking if the linker (/usr/bin/ld) is GNU ld
GNU ld version 2.12.90.0.1 20020307 Debian/GNU Linux
configure:1356: checking for BSD-compatible nm
configure:1393: checking whether ln -s works
ltconfig:603: checking for object suffix
ltconfig:604: gcc -c -g -O2  conftest.c 1>&5
ltconfig:629: checking for executable suffix
ltconfig:630: gcc -o conftest -g -O2   conftest.c  1>&5
ltconfig:776: checking if gcc PIC flag -fPIC works
ltconfig:777: gcc -c -g -O2 -fPIC -DPIC  conftest.c 1>&5
ltconfig:829: checking if gcc supports -c -o file.o
ltconfig:830: gcc -c -g -O2 -o out/conftest2.o  conftest.c 1>&5
ltconfig:862: checking if gcc supports -c -o file.lo
ltconfig:863: gcc -c -g -O2 -c -o conftest.lo  conftest.c 1>&5
ltconfig:914: checking if gcc supports -fno-rtti -fno-exceptions
ltconfig:915: gcc -c -g -O2 -fno-rtti -fno-exceptions -c conftest.c  conftest.c 1>&5
ltconfig:958: checking if gcc static flag -static works
ltconfig:959: gcc -o conftest -g -O2   -static conftest.c  1>&5
GNU ld version 2.12.90.0.1 20020307 Debian/GNU Linux
ltconfig:1592: checking if global_symbol_pipe works
ltconfig:1593: gcc -c -g -O2  conftest.c 1>&5
ltconfig:1596: eval "/usr/bin/nm -B conftest.o | sed -n -e 's/^.*[ 	]\([ABCDGISTW]\)[ 	][ 	]*\(\)\([_A-Za-z][_A-Za-z0-9]*\)$/\1 \2\3 \3/p' > conftest.nm"
ltconfig:1648: gcc -o conftest -g -O2 -fno-builtin -fno-rtti -fno-exceptions   conftest.c conftstm.o 1>&5
configure:1589: checking whether to enable maintainer-specific portions of Makefiles
configure:1615: checking for gcc
configure:1728: checking whether the C compiler (gcc -g -O2 ) works
configure:1744: gcc -o conftest -g -O2   conftest.c  1>&5
